Using pre-set license
Built from '2020.3/staging' branch; Version is '2020.3.22f1 (e1a7f79fd887) revision 14788599'; Using compiler version '192528614'; Build Type 'Release'
OS: 'Windows 10 Home Single Language; OS build 19043.1415; Version 2009; 64bit' Language: 'en' Physical Memory: 8029 MB
BatchMode: 1, IsHumanControllingUs: 0, StartBugReporterOnCrash: 0, Is64bit: 1, IsPro: 0

COMMAND LINE ARGUMENTS:
C:\Program Files\Unity\Hub\Editor\2020.3.22f1\Editor\Unity.exe
-adb2
-batchMode
-noUpm
-name
AssetImportWorker0
-projectPath
E:/222/cs222_lab3-main
-logFile
Logs/AssetImportWorker0.log
-srvPort
63130
Successfully changed project path to: E:/222/cs222_lab3-main
E:/222/cs222_lab3-main
Using Asset Import Pipeline V2.
Refreshing native plugins compatible for Editor in 330.82 ms, found 2 plugins.
Preloading 0 native plugins for Editor in 0.00 ms.
Initialize engine version: 2020.3.22f1 (e1a7f79fd887)
[Subsystems] Discovering subsystems at path C:/Program Files/Unity/Hub/Editor/2020.3.22f1/Editor/Data/Resources/UnitySubsystems
[Subsystems] Discovering subsystems at path E:/222/cs222_lab3-main/Assets
GfxDevice: creating device client; threaded=0
Direct3D:
    Version:  Direct3D 11.0 [level 11.1]
    Renderer: NVIDIA GeForce GTX 1050 (ID=0x1c91)
    Vendor:   
    VRAM:     2996 MB
    Driver:   27.21.14.5167
Initialize mono
Mono path[0] = 'C:/Program Files/Unity/Hub/Editor/2020.3.22f1/Editor/Data/Managed'
Mono path[1] = 'C:/Program Files/Unity/Hub/Editor/2020.3.22f1/Editor/Data/MonoBleedingEdge/lib/mono/unityjit'
Mono config path = 'C:/Program Files/Unity/Hub/Editor/2020.3.22f1/Editor/Data/MonoBleedingEdge/etc'
Using monoOptions --debugger-agent=transport=dt_socket,embedding=1,server=y,suspend=n,address=127.0.0.1:56336
Begin MonoManager ReloadAssembly
Registering precompiled unity dll's ...
Register platform support module: C:/Program Files/Unity/Hub/Editor/2020.3.22f1/Editor/Data/PlaybackEngines/WebGLSupport/UnityEditor.WebGL.Extensions.dll
Register platform support module: C:/Program Files/Unity/Hub/Editor/2020.3.22f1/Editor/Data/PlaybackEngines/WindowsStandaloneSupport/UnityEditor.WindowsStandalone.Extensions.dll
Registered in 0.006836 seconds.
Native extension for WindowsStandalone target not found
Native extension for WebGL target not found
Refreshing native plugins compatible for Editor in 46.38 ms, found 2 plugins.
Preloading 0 native plugins for Editor in 0.00 ms.
Mono: successfully reloaded assembly
- Completed reload, in 11.287 seconds
Domain Reload Profiling:
	ReloadAssembly (11288ms)
		BeginReloadAssembly (187ms)
			ExecutionOrderSort (0ms)
			DisableScriptedObjects (0ms)
			BackupInstance (0ms)
			ReleaseScriptingObjects (0ms)
			CreateAndSetChildDomain (1ms)
		EndReloadAssembly (622ms)
			LoadAssemblies (184ms)
			RebuildTransferFunctionScriptingTraits (1ms)
			SetupTypeCache (162ms)
			ReleaseScriptCaches (0ms)
			RebuildScriptCaches (29ms)
			SetupLoadedEditorAssemblies (283ms)
				LogAssemblyErrors (0ms)
				InitializePlatformSupportModulesInManaged (5ms)
				SetLoadedEditorAssemblies (0ms)
				RefreshPlugins (46ms)
				BeforeProcessingInitializeOnLoad (24ms)
				ProcessInitializeOnLoadAttributes (148ms)
				ProcessInitializeOnLoadMethodAttributes (60ms)
				AfterProcessingInitializeOnLoad (0ms)
				EditorAssembliesLoaded (0ms)
			ExecutionOrderSort2 (0ms)
			AwakeInstancesAfterBackupRestoration (0ms)
Platform modules already initialized, skipping
Registering precompiled user dll's ...
Registered in 0.405940 seconds.
Begin MonoManager ReloadAssembly
Native extension for WindowsStandalone target not found
Native extension for WebGL target not found
Refreshing native plugins compatible for Editor in 0.89 ms, found 2 plugins.
Preloading 0 native plugins for Editor in 0.00 ms.
Mono: successfully reloaded assembly
- Completed reload, in  1.836 seconds
Domain Reload Profiling:
	ReloadAssembly (1838ms)
		BeginReloadAssembly (242ms)
			ExecutionOrderSort (0ms)
			DisableScriptedObjects (7ms)
			BackupInstance (0ms)
			ReleaseScriptingObjects (0ms)
			CreateAndSetChildDomain (39ms)
		EndReloadAssembly (1488ms)
			LoadAssemblies (184ms)
			RebuildTransferFunctionScriptingTraits (0ms)
			SetupTypeCache (504ms)
			ReleaseScriptCaches (0ms)
			RebuildScriptCaches (84ms)
			SetupLoadedEditorAssemblies (573ms)
				LogAssemblyErrors (0ms)
				InitializePlatformSupportModulesInManaged (10ms)
				SetLoadedEditorAssemblies (1ms)
				RefreshPlugins (1ms)
				BeforeProcessingInitializeOnLoad (144ms)
				ProcessInitializeOnLoadAttributes (388ms)
				ProcessInitializeOnLoadMethodAttributes (17ms)
				AfterProcessingInitializeOnLoad (10ms)
				EditorAssembliesLoaded (0ms)
			ExecutionOrderSort2 (0ms)
			AwakeInstancesAfterBackupRestoration (11ms)
Platform modules already initialized, skipping
========================================================================
Worker process is ready to serve import requests
Launched and connected shader compiler UnityShaderCompiler.exe after 0.19 seconds
Refreshing native plugins compatible for Editor in 2.22 ms, found 2 plugins.
Preloading 0 native plugins for Editor in 0.00 ms.
Unloading 1512 Unused Serialized files (Serialized files now loaded: 0)
System memory in use before: 67.8 MB.
System memory in use after: 67.9 MB.

Unloading 19 unused Assets to reduce memory usage. Loaded Objects now: 1945.
Total: 11.340800 ms (FindLiveObjects: 0.282100 ms CreateObjectMapping: 0.088200 ms MarkObjects: 10.270300 ms  DeleteObjects: 0.697700 ms)

AssetImportParameters requested are different than current active one (requested -> active):
  custom:framework-win-MediaFoundation: 216162199b28c13a410421893ffa2e32 -> 
  custom:video-decoder-ogg-theora: a1e56fd34408186e4bbccfd4996cb3dc -> 
  custom:container-muxer-webm: aa71ff27fc2769a1b78a27578f13a17b -> 
  custom:container-demuxer-webm: 4f35f7cbe854078d1ac9338744f61a02 -> 
  custom:container-demuxer-ogg: 62fdf1f143b41e24485cea50d1cbac27 -> 
  custom:video-encoder-webm-vp8: eb34c28f22e8b96e1ab97ce403110664 -> 
  custom:video-decoder-webm-vp8: 9c59270c3fd7afecdb556c50c9e8de78 -> 
  custom:audio-decoder-ogg-vorbis: bf7c407c2cedff20999df2af8eb42d56 -> 
  custom:audio-encoder-webm-vorbis: bf7c407c2cedff20999df2af8eb42d56 -> 
========================================================================
Received Import Request.
  path: Assets/behavio.cs
  artifactKey: Guid(0221c9e9039410e43bef6cc132698314) Importer(815301076,1909f56bfc062723c751e8b465ee728b)
Start importing Assets/behavio.cs using Guid(0221c9e9039410e43bef6cc132698314) Importer(815301076,1909f56bfc062723c751e8b465ee728b)  -> (artifact id: '4edaf02409716762f2860b0f0894d6a9') in 0.150844 seconds 
  Import took 0.205484 seconds .

========================================================================
Received Import Request.
  Time since last request: 0.000276 seconds.
  path: Assets/ArrayBenavio.cs
  artifactKey: Guid(69c148215da7c8a4399feb578e44d24a) Importer(815301076,1909f56bfc062723c751e8b465ee728b)
Start importing Assets/ArrayBenavio.cs using Guid(69c148215da7c8a4399feb578e44d24a) Importer(815301076,1909f56bfc062723c751e8b465ee728b)  -> (artifact id: '06c5d20d3c02b19d03eda0efc9f8cb25') in 0.009185 seconds 
  Import took 0.066334 seconds .

========================================================================
Received Prepare
Registering precompiled user dll's ...
Registered in 0.003418 seconds.
Begin MonoManager ReloadAssembly
Native extension for WindowsStandalone target not found
Native extension for WebGL target not found
Refreshing native plugins compatible for Editor in 0.31 ms, found 2 plugins.
Preloading 0 native plugins for Editor in 0.00 ms.
Mono: successfully reloaded assembly
- Completed reload, in  0.910 seconds
Domain Reload Profiling:
	ReloadAssembly (911ms)
		BeginReloadAssembly (99ms)
			ExecutionOrderSort (0ms)
			DisableScriptedObjects (5ms)
			BackupInstance (0ms)
			ReleaseScriptingObjects (0ms)
			CreateAndSetChildDomain (29ms)
		EndReloadAssembly (752ms)
			LoadAssemblies (80ms)
			RebuildTransferFunctionScriptingTraits (0ms)
			SetupTypeCache (263ms)
			ReleaseScriptCaches (1ms)
			RebuildScriptCaches (36ms)
			SetupLoadedEditorAssemblies (265ms)
				LogAssemblyErrors (0ms)
				InitializePlatformSupportModulesInManaged (6ms)
				SetLoadedEditorAssemblies (0ms)
				RefreshPlugins (0ms)
				BeforeProcessingInitializeOnLoad (82ms)
				ProcessInitializeOnLoadAttributes (163ms)
				ProcessInitializeOnLoadMethodAttributes (7ms)
				AfterProcessingInitializeOnLoad (7ms)
				EditorAssembliesLoaded (0ms)
			ExecutionOrderSort2 (0ms)
			AwakeInstancesAfterBackupRestoration (6ms)
Platform modules already initialized, skipping
Refreshing native plugins compatible for Editor in 0.31 ms, found 2 plugins.
Preloading 0 native plugins for Editor in 0.00 ms.
Unloading 1506 Unused Serialized files (Serialized files now loaded: 0)
System memory in use before: 67.7 MB.
System memory in use after: 67.8 MB.

Unloading 14 unused Assets to reduce memory usage. Loaded Objects now: 1947.
Total: 2.912000 ms (FindLiveObjects: 0.156300 ms CreateObjectMapping: 0.048400 ms MarkObjects: 2.689700 ms  DeleteObjects: 0.016700 ms)

AssetImportParameters requested are different than current active one (requested -> active):
  custom:framework-win-MediaFoundation: 216162199b28c13a410421893ffa2e32 -> 
  custom:video-decoder-ogg-theora: a1e56fd34408186e4bbccfd4996cb3dc -> 
  custom:container-muxer-webm: aa71ff27fc2769a1b78a27578f13a17b -> 
  custom:container-demuxer-webm: 4f35f7cbe854078d1ac9338744f61a02 -> 
  custom:container-demuxer-ogg: 62fdf1f143b41e24485cea50d1cbac27 -> 
  custom:video-encoder-webm-vp8: eb34c28f22e8b96e1ab97ce403110664 -> 
  custom:video-decoder-webm-vp8: 9c59270c3fd7afecdb556c50c9e8de78 -> 
  custom:audio-decoder-ogg-vorbis: bf7c407c2cedff20999df2af8eb42d56 -> 
  custom:audio-encoder-webm-vorbis: bf7c407c2cedff20999df2af8eb42d56 -> 
========================================================================
Received Import Request.
  Time since last request: 638.817237 seconds.
  path: Assets/Scenes
  artifactKey: Guid(4b0b9440f71fa894d8e2b7758bc5adf3) Importer(815301076,1909f56bfc062723c751e8b465ee728b)
Start importing Assets/Scenes using Guid(4b0b9440f71fa894d8e2b7758bc5adf3) Importer(815301076,1909f56bfc062723c751e8b465ee728b)  -> (artifact id: 'fbe7068ddb56fe4108916ef5f3ab3383') in 0.009902 seconds 
  Import took 0.069685 seconds .

========================================================================
Received Import Request.
  Time since last request: 1.797012 seconds.
  path: Assets/AssetsBackup/Big Enemy.prefab
  artifactKey: Guid(d58d69d140fa1d2458fd6f5d2554c33e) Importer(815301076,1909f56bfc062723c751e8b465ee728b)
Start importing Assets/AssetsBackup/Big Enemy.prefab using Guid(d58d69d140fa1d2458fd6f5d2554c33e) Importer(815301076,1909f56bfc062723c751e8b465ee728b)  -> (artifact id: '6f0225ea585af7286c5f2f17808fd57d') in 0.408710 seconds 
  Import took 0.427010 seconds .

========================================================================
Received Import Request.
  Time since last request: 0.000327 seconds.
  path: Assets/AssetsBackup/Health Bar.prefab
  artifactKey: Guid(d9be6ef6b41c9474c800175280857416) Importer(815301076,1909f56bfc062723c751e8b465ee728b)
Start importing Assets/AssetsBackup/Health Bar.prefab using Guid(d9be6ef6b41c9474c800175280857416) Importer(815301076,1909f56bfc062723c751e8b465ee728b)  -> (artifact id: 'f1e90c72f59d47f93bc917097c7f380d') in 0.011377 seconds 
  Import took 0.068498 seconds .

========================================================================
Received Import Request.
  Time since last request: 0.000324 seconds.
  path: Assets/AssetsBackup/Bullet.prefab
  artifactKey: Guid(61ec5993e0d4dde43802ec90165a6295) Importer(815301076,1909f56bfc062723c751e8b465ee728b)
Start importing Assets/AssetsBackup/Bullet.prefab using Guid(61ec5993e0d4dde43802ec90165a6295) Importer(815301076,1909f56bfc062723c751e8b465ee728b)  -> (artifact id: 'fa2e7a7ea0eb3cb4551b98636db76c44') in 0.027330 seconds 
  Import took 0.030621 seconds .

========================================================================
Received Import Request.
  Time since last request: 0.000267 seconds.
  path: Assets/AssetsBackup/Enemy.prefab
  artifactKey: Guid(3b9a3731e01b08a4590f4e03752c2e53) Importer(815301076,1909f56bfc062723c751e8b465ee728b)
Start importing Assets/AssetsBackup/Enemy.prefab using Guid(3b9a3731e01b08a4590f4e03752c2e53) Importer(815301076,1909f56bfc062723c751e8b465ee728b)  -> (artifact id: '954107c8baa4859b03f191c59c29c12c') in 0.024941 seconds 
  Import took 0.027802 seconds .

========================================================================
Received Import Request.
  Time since last request: 0.000249 seconds.
  path: Assets/AssetsBackup/Shotgun.prefab
  artifactKey: Guid(02f8211f83cebd2499900c94fea12ad6) Importer(815301076,1909f56bfc062723c751e8b465ee728b)
Start importing Assets/AssetsBackup/Shotgun.prefab using Guid(02f8211f83cebd2499900c94fea12ad6) Importer(815301076,1909f56bfc062723c751e8b465ee728b)  -> (artifact id: 'd85ba0e5ccb30d211409074fd1cdf314') in 0.022164 seconds 
  Import took 0.044399 seconds .

========================================================================
Received Import Request.
  Time since last request: 0.001031 seconds.
  path: Assets/AssetsBackup/Uzi.prefab
  artifactKey: Guid(cd874da41747c0749862cd81ae4b2352) Importer(815301076,1909f56bfc062723c751e8b465ee728b)
Start importing Assets/AssetsBackup/Uzi.prefab using Guid(cd874da41747c0749862cd81ae4b2352) Importer(815301076,1909f56bfc062723c751e8b465ee728b)  -> (artifact id: 'a3ca40d7527a08b1b9bba99936ad116f') in 0.037360 seconds 
  Import took 0.046493 seconds .

========================================================================
Received Import Request.
  Time since last request: 0.000474 seconds.
  path: Assets/AssetsBackup/Rifle Bullet.prefab
  artifactKey: Guid(b4cd2a4b7b74d3d4f8f908c83b6089bc) Importer(815301076,1909f56bfc062723c751e8b465ee728b)
Start importing Assets/AssetsBackup/Rifle Bullet.prefab using Guid(b4cd2a4b7b74d3d4f8f908c83b6089bc) Importer(815301076,1909f56bfc062723c751e8b465ee728b)  -> (artifact id: 'fbdc16eed9434c1d6b983c7748bdead1') in 0.094517 seconds 
  Import took 0.098035 seconds .

========================================================================
Received Import Request.
  Time since last request: 0.000314 seconds.
  path: Assets/AssetsBackup/Player.prefab
  artifactKey: Guid(5b2e1ea14760c7e49b29d6e6a3f89011) Importer(815301076,1909f56bfc062723c751e8b465ee728b)
Start importing Assets/AssetsBackup/Player.prefab using Guid(5b2e1ea14760c7e49b29d6e6a3f89011) Importer(815301076,1909f56bfc062723c751e8b465ee728b)  -> (artifact id: 'fd34563709c574505b740196f606a3e9') in 0.013583 seconds 
  Import took 0.016910 seconds .

========================================================================
Received Import Request.
  Time since last request: 0.000682 seconds.
  path: Assets/AssetsBackup/Explosion.prefab
  artifactKey: Guid(822733bc27a78b84b95415d6e5d18382) Importer(815301076,1909f56bfc062723c751e8b465ee728b)
Start importing Assets/AssetsBackup/Explosion.prefab using Guid(822733bc27a78b84b95415d6e5d18382) Importer(815301076,1909f56bfc062723c751e8b465ee728b)  -> (artifact id: '9b52f8dd69ecd5ba7e0d10649f00c340') in 0.036612 seconds 
  Import took 0.042730 seconds .

========================================================================
Received Import Request.
  Time since last request: 0.000542 seconds.
  path: Assets/AssetsBackup/Weapon.prefab
  artifactKey: Guid(88ea1d1a8ab1fbf45864becdaa9e73cf) Importer(815301076,1909f56bfc062723c751e8b465ee728b)
Start importing Assets/AssetsBackup/Weapon.prefab using Guid(88ea1d1a8ab1fbf45864becdaa9e73cf) Importer(815301076,1909f56bfc062723c751e8b465ee728b)  -> (artifact id: '7dbeaa80b5553e93afdc44206d8fac19') in 0.025128 seconds 
  Import took 0.029865 seconds .

========================================================================
Received Import Request.
  Time since last request: 4.760832 seconds.
  path: Assets/AssetsBackup/myFrefabes/Canvas.prefab
  artifactKey: Guid(15f47d3437d567347a17a879b30ce545) Importer(815301076,1909f56bfc062723c751e8b465ee728b)
Start importing Assets/AssetsBackup/myFrefabes/Canvas.prefab using Guid(15f47d3437d567347a17a879b30ce545) Importer(815301076,1909f56bfc062723c751e8b465ee728b)  -> (artifact id: 'bc55b2f59c6580aa39e4a4a3cdc31a82') in 0.096284 seconds 
  Import took 0.099285 seconds .

========================================================================
Received Import Request.
  Time since last request: 0.000292 seconds.
  path: Assets/AssetsBackup/myFrefabes/Uzi.prefab
  artifactKey: Guid(d1be2cd07f6ab744c945e948f5a8c7a5) Importer(815301076,1909f56bfc062723c751e8b465ee728b)
Start importing Assets/AssetsBackup/myFrefabes/Uzi.prefab using Guid(d1be2cd07f6ab744c945e948f5a8c7a5) Importer(815301076,1909f56bfc062723c751e8b465ee728b)  -> (artifact id: 'ccbdf17791b5d48e8f31fbafff4dc8f5') in 0.036604 seconds 
  Import took 0.089372 seconds .

========================================================================
Received Import Request.
  Time since last request: 0.000314 seconds.
  path: Assets/AssetsBackup/myFrefabes/Spawn Point.prefab
  artifactKey: Guid(399edc2fe94ed064cbb3a09401a93b7b) Importer(815301076,1909f56bfc062723c751e8b465ee728b)
Start importing Assets/AssetsBackup/myFrefabes/Spawn Point.prefab using Guid(399edc2fe94ed064cbb3a09401a93b7b) Importer(815301076,1909f56bfc062723c751e8b465ee728b)  -> (artifact id: '40bdc92e899b825db9d7ccee2c628128') in 0.007234 seconds 
  Import took 0.032412 seconds .

========================================================================
Received Import Request.
  Time since last request: 0.000352 seconds.
  path: Assets/AssetsBackup/myFrefabes/Shotgun.prefab
  artifactKey: Guid(e7ce7452ba874bb4198e290e3b296b5b) Importer(815301076,1909f56bfc062723c751e8b465ee728b)
Start importing Assets/AssetsBackup/myFrefabes/Shotgun.prefab using Guid(e7ce7452ba874bb4198e290e3b296b5b) Importer(815301076,1909f56bfc062723c751e8b465ee728b)  -> (artifact id: '5fee1c69eca2549533e6b2409cc2a499') in 0.022566 seconds 
  Import took 0.042253 seconds .

========================================================================
Received Import Request.
  Time since last request: 0.001189 seconds.
  path: Assets/AssetsBackup/myFrefabes/Player.prefab
  artifactKey: Guid(87a4a037f1040934fa7feae073560586) Importer(815301076,1909f56bfc062723c751e8b465ee728b)
Start importing Assets/AssetsBackup/myFrefabes/Player.prefab using Guid(87a4a037f1040934fa7feae073560586) Importer(815301076,1909f56bfc062723c751e8b465ee728b)  -> (artifact id: 'af762a894ce2ef73ee1bcf31785c3150') in 0.048032 seconds 
  Import took 0.065527 seconds .

========================================================================
Received Import Request.
  Time since last request: 0.001258 seconds.
  path: Assets/AssetsBackup/myFrefabes/EventSystem.prefab
  artifactKey: Guid(34f535f14fcdccd4bb40081258cab370) Importer(815301076,1909f56bfc062723c751e8b465ee728b)
Start importing Assets/AssetsBackup/myFrefabes/EventSystem.prefab using Guid(34f535f14fcdccd4bb40081258cab370) Importer(815301076,1909f56bfc062723c751e8b465ee728b)  -> (artifact id: '8b8b0cfb0817e4ffbd51d1f34d427ea2') in 0.022646 seconds 
  Import took 0.034700 seconds .

========================================================================
Received Import Request.
  Time since last request: 0.000222 seconds.
  path: Assets/AssetsBackup/myFrefabes/Rifle.prefab
  artifactKey: Guid(3caf1146926b5af4baa595ffc5e9f727) Importer(815301076,1909f56bfc062723c751e8b465ee728b)
Start importing Assets/AssetsBackup/myFrefabes/Rifle.prefab using Guid(3caf1146926b5af4baa595ffc5e9f727) Importer(815301076,1909f56bfc062723c751e8b465ee728b)  -> (artifact id: '2639394a83acaa11ae8afaab7ffdf0d2') in 0.025575 seconds 
  Import took 0.027821 seconds .

========================================================================
Received Import Request.
  Time since last request: 0.000231 seconds.
  path: Assets/AssetsBackup/myFrefabes/Enemy Spawner.prefab
  artifactKey: Guid(6d104f487ec8e7d47833e93039660892) Importer(815301076,1909f56bfc062723c751e8b465ee728b)
Start importing Assets/AssetsBackup/myFrefabes/Enemy Spawner.prefab using Guid(6d104f487ec8e7d47833e93039660892) Importer(815301076,1909f56bfc062723c751e8b465ee728b)  -> (artifact id: '6d9ce78c97b33f27b366ac54b8c675ed') in 0.066193 seconds 
  Import took 0.072344 seconds .

========================================================================
Received Import Request.
  Time since last request: 66.621865 seconds.
  path: Assets/myMaterial/image.mat
  artifactKey: Guid(15a54e945f48d90459286acb404e8768) Importer(815301076,1909f56bfc062723c751e8b465ee728b)
Start importing Assets/myMaterial/image.mat using Guid(15a54e945f48d90459286acb404e8768) Importer(815301076,1909f56bfc062723c751e8b465ee728b)  -> (artifact id: 'c942e72e5609e618b17b53af6d445c3d') in 0.048865 seconds 
  Import took 0.088526 seconds .

========================================================================
Received Import Request.
  Time since last request: 20.476351 seconds.
  path: Assets/myMaterial/myimage.jpg
  artifactKey: Guid(3bd80d76554db564aa8ff53b7473ead0) Importer(815301076,1909f56bfc062723c751e8b465ee728b)
Start importing Assets/myMaterial/myimage.jpg using Guid(3bd80d76554db564aa8ff53b7473ead0) Importer(815301076,1909f56bfc062723c751e8b465ee728b)  -> (artifact id: '1ff2c1ad824eca21e62d0e1fc28b1870') in 0.077052 seconds 
  Import took 0.079794 seconds .

========================================================================
Received Import Request.
  Time since last request: 22.030969 seconds.
  path: Assets/myMaterial/New Material.mat
  artifactKey: Guid(529512ed381f3f64896d0442e8eb4f1e) Importer(815301076,1909f56bfc062723c751e8b465ee728b)
Start importing Assets/myMaterial/New Material.mat using Guid(529512ed381f3f64896d0442e8eb4f1e) Importer(815301076,1909f56bfc062723c751e8b465ee728b)  -> (artifact id: '1982029aff937edcefab500e45eec616') in 0.013512 seconds 
  Import took 0.067536 seconds .

========================================================================
Received Prepare
Registering precompiled user dll's ...
Registered in 0.035400 seconds.
Begin MonoManager ReloadAssembly
Native extension for WindowsStandalone target not found
Native extension for WebGL target not found
Refreshing native plugins compatible for Editor in 0.31 ms, found 2 plugins.
Preloading 0 native plugins for Editor in 0.00 ms.
Mono: successfully reloaded assembly
- Completed reload, in  0.961 seconds
Domain Reload Profiling:
	ReloadAssembly (961ms)
		BeginReloadAssembly (112ms)
			ExecutionOrderSort (0ms)
			DisableScriptedObjects (4ms)
			BackupInstance (0ms)
			ReleaseScriptingObjects (0ms)
			CreateAndSetChildDomain (44ms)
		EndReloadAssembly (791ms)
			LoadAssemblies (79ms)
			RebuildTransferFunctionScriptingTraits (0ms)
			SetupTypeCache (332ms)
			ReleaseScriptCaches (1ms)
			RebuildScriptCaches (36ms)
			SetupLoadedEditorAssemblies (255ms)
				LogAssemblyErrors (0ms)
				InitializePlatformSupportModulesInManaged (5ms)
				SetLoadedEditorAssemblies (0ms)
				RefreshPlugins (0ms)
				BeforeProcessingInitializeOnLoad (77ms)
				ProcessInitializeOnLoadAttributes (157ms)
				ProcessInitializeOnLoadMethodAttributes (8ms)
				AfterProcessingInitializeOnLoad (7ms)
				EditorAssembliesLoaded (0ms)
			ExecutionOrderSort2 (0ms)
			AwakeInstancesAfterBackupRestoration (6ms)
Platform modules already initialized, skipping
Refreshing native plugins compatible for Editor in 0.30 ms, found 2 plugins.
Preloading 0 native plugins for Editor in 0.00 ms.
Unloading 1506 Unused Serialized files (Serialized files now loaded: 0)
System memory in use before: 71.2 MB.
System memory in use after: 71.3 MB.

Unloading 15 unused Assets to reduce memory usage. Loaded Objects now: 1994.
Total: 2.777600 ms (FindLiveObjects: 0.174400 ms CreateObjectMapping: 0.050300 ms MarkObjects: 2.526900 ms  DeleteObjects: 0.025000 ms)

AssetImportParameters requested are different than current active one (requested -> active):
  custom:framework-win-MediaFoundation: 216162199b28c13a410421893ffa2e32 -> 
  custom:video-decoder-ogg-theora: a1e56fd34408186e4bbccfd4996cb3dc -> 
  custom:container-muxer-webm: aa71ff27fc2769a1b78a27578f13a17b -> 
  custom:container-demuxer-webm: 4f35f7cbe854078d1ac9338744f61a02 -> 
  custom:container-demuxer-ogg: 62fdf1f143b41e24485cea50d1cbac27 -> 
  custom:video-encoder-webm-vp8: eb34c28f22e8b96e1ab97ce403110664 -> 
  custom:video-decoder-webm-vp8: 9c59270c3fd7afecdb556c50c9e8de78 -> 
  custom:audio-decoder-ogg-vorbis: bf7c407c2cedff20999df2af8eb42d56 -> 
  custom:audio-encoder-webm-vorbis: bf7c407c2cedff20999df2af8eb42d56 -> 
========================================================================
Received Import Request.
  Time since last request: 168.007050 seconds.
  path: Assets/myMaterial/New Material 1.mat
  artifactKey: Guid(b1b9e48e5388b6541bc53c0b2d67dd0e) Importer(815301076,1909f56bfc062723c751e8b465ee728b)
Start importing Assets/myMaterial/New Material 1.mat using Guid(b1b9e48e5388b6541bc53c0b2d67dd0e) Importer(815301076,1909f56bfc062723c751e8b465ee728b)  -> (artifact id: '9bbf232529494a6a70cbb5e0d019de06') in 0.054907 seconds 
  Import took 0.057155 seconds .

========================================================================
Received Import Request.
  Time since last request: 11.540041 seconds.
  path: Assets/myMaterial/myPlayer.mat
  artifactKey: Guid(b1b9e48e5388b6541bc53c0b2d67dd0e) Importer(815301076,1909f56bfc062723c751e8b465ee728b)
Start importing Assets/myMaterial/myPlayer.mat using Guid(b1b9e48e5388b6541bc53c0b2d67dd0e) Importer(815301076,1909f56bfc062723c751e8b465ee728b)  -> (artifact id: '1a55c498b77bb4810abcfde05bc486fc') in 0.043587 seconds 
  Import took 0.047750 seconds .

========================================================================
Received Import Request.
  Time since last request: 2.941764 seconds.
  path: Assets/myMaterial/New Material.mat
  artifactKey: Guid(529512ed381f3f64896d0442e8eb4f1e) Importer(815301076,1909f56bfc062723c751e8b465ee728b)
Start importing Assets/myMaterial/New Material.mat using Guid(529512ed381f3f64896d0442e8eb4f1e) Importer(815301076,1909f56bfc062723c751e8b465ee728b)  -> (artifact id: '120eb18fb6927d8338c86465a6b71d92') in 0.017081 seconds 
  Import took 0.023255 seconds .

AssetImportWorkerClient::OnTransportError - code=2 error=End of file
